Running: C:\Xilinx\14.7\ISE_DS\ISE\bin\nt64\unwrapped\fuse.exe -intstyle ise -incremental -o X:/HELL/NEANDER/PLACA_TB_isim_beh.exe -prj X:/HELL/NEANDER/PLACA_TB_beh.prj work.PLACA_TB 
ISim P.20131013 (signature 0x7708f090)
Number of CPUs detected in this system: 2
Turning on mult-threading, number of parallel sub-compilation jobs: 4 
Determining compilation order of HDL files
Parsing VHDL file "X:/HELL/NEANDER/ipcore_dir/RAM.vhd" into library work
Parsing VHDL file "X:/HELL/NEANDER/NEANDER.vhd" into library work
Parsing VHDL file "X:/HELL/NEANDER/PLACA.vhd" into library work
Parsing VHDL file "X:/HELL/NEANDER/PLACA_TB.vhd" into library work
Starting static elaboration
Completed static elaboration
Compiling package standard
Compiling package std_logic_1164
Compiling package std_logic_arith
Compiling package std_logic_unsigned
Compiling package textio
Compiling package std_logic_textio
Compiling architecture output_stage_behavioral of entity BLK_MEM_GEN_V7_3_output_stage [\BLK_MEM_GEN_V7_3_output_stage("...]
Compiling architecture softecc_output_reg_stage_behavioral of entity BLK_MEM_GEN_V7_3_softecc_output_reg_stage [\BLK_MEM_GEN_V7_3_softecc_output...]
Compiling architecture mem_module_behavioral of entity BLK_MEM_GEN_V7_3_mem_module [\BLK_MEM_GEN_V7_3_mem_module("bl...]
Compiling architecture behavioral of entity BLK_MEM_GEN_V7_3 [\BLK_MEM_GEN_V7_3("blk_mem_gen_v...]
Compiling architecture ram_a of entity RAM [ram_default]
Compiling architecture behavioral of entity NEANDER [neander_default]
Compiling architecture behavioral of entity PLACA [placa_default]
Compiling architecture behavior of entity placa_tb
Time Resolution for simulation is 1ps.
Compiled 21 VHDL Units
Built simulation executable X:/HELL/NEANDER/PLACA_TB_isim_beh.exe
Fuse Memory Usage: 36848 KB
Fuse CPU Usage: 919 ms
