Release 14.7 Map P.20131013 (nt64)
Xilinx Mapping Report File for Design 'PLACA'

Design Information
------------------
Command Line   : map -intstyle ise -p xc3s100e-cp132-5 -cm area -ir off -pr off
-c 100 -o PLACA_map.ncd PLACA.ngd PLACA.pcf 
Target Device  : xc3s100e
Target Package : cp132
Target Speed   : -5
Mapper Version : spartan3e -- $Revision: 1.55 $
Mapped Date    : Thu Jun 09 17:09:19 2016

Design Summary
--------------
Number of errors:      0
Number of warnings:   35
Logic Utilization:
  Total Number Slice Registers:         112 out of   1,920    5%
    Number used as Flip Flops:           80
    Number used as Latches:              32
  Number of 4 input LUTs:               244 out of   1,920   12%
Logic Distribution:
  Number of occupied Slices:            171 out of     960   17%
    Number of Slices containing only related logic:     171 out of     171 100%
    Number of Slices containing unrelated logic:          0 out of     171   0%
      *See NOTES below for an explanation of the effects of unrelated logic.
  Total Number of 4 input LUTs:         282 out of   1,920   14%
    Number used as logic:               244
    Number used as a route-thru:         38

  The Slice Logic Distribution report is not meaningful if the design is
  over-mapped for a non-slice resource or if Placement fails.

  Number of bonded IOBs:                 33 out of      83   39%
  Number of RAMB16s:                      1 out of       4   25%
  Number of BUFGMUXs:                     3 out of      24   12%
  Number of MULT18X18SIOs:                1 out of       4   25%

Average Fanout of Non-Clock Nets:                2.96

Peak Memory Usage:  257 MB
Total REAL time to MAP completion:  2 secs 
Total CPU time to MAP completion:   1 secs 

NOTES:

   Related logic is defined as being logic that shares connectivity - e.g. two
   LUTs are "related" if they share common inputs.  When assembling slices,
   Map gives priority to combine logic that is related.  Doing so results in
   the best timing performance.

   Unrelated logic shares no connectivity.  Map will only begin packing
   unrelated logic into a slice once 99% of the slices are occupied through
   related logic packing.

   Note that once logic distribution reaches the 99% level through related
   logic packing, this does not mean the device is completely utilized.
   Unrelated logic packing will then begin, continuing until all usable LUTs
   and FFs are occupied.  Depending on your timing budget, increased levels of
   unrelated logic packing may adversely affect the overall timing performance
   of your design.

Table of Contents
-----------------
Section 1 - Errors
Section 2 - Warnings
Section 3 - Informational
Section 4 - Removed Logic Summary
Section 5 - Removed Logic
Section 6 - IOB Properties
Section 7 - RPMs
Section 8 - Guide Report
Section 9 - Area Group and Partition Summary
Section 10 - Timing Report
Section 11 - Configuration String Information
Section 12 - Control Set Information
Section 13 - Utilization by Hierarchy

Section 1 - Errors
------------------

Section 2 - Warnings
--------------------
WARNING:PhysDesignRules:372 - Gated clock. Clock net MYNEANDER/ULA_not0001 is
   sourced by a combinatorial pin. This is not good design practice. Use the CE
   pin to control the loading of data into the flip-flop.
WARNING:PhysDesignRules:367 - The signal <button<2>_IBUF> is incomplete. The
   signal does not drive any load pins in the design.
WARNING:PhysDesignRules:367 - The signal <button<3>_IBUF> is incomplete. The
   signal does not drive any load pins in the design.
WARNING:PhysDesignRules:367 - The signal <switch<0>_IBUF> is incomplete. The
   signal does not drive any load pins in the design.
WARNING:PhysDesignRules:367 - The signal <switch<1>_IBUF> is incomplete. The
   signal does not drive any load pins in the design.
WARNING:PhysDesignRules:367 - The signal <switch<2>_IBUF> is incomplete. The
   signal does not drive any load pins in the design.
WARNING:PhysDesignRules:367 - The signal <switch<3>_IBUF> is incomplete. The
   signal does not drive any load pins in the design.
WARNING:PhysDesignRules:367 - The signal <switch<4>_IBUF> is incomplete. The
   signal does not drive any load pins in the design.
WARNING:PhysDesignRules:367 - The signal <switch<5>_IBUF> is incomplete. The
   signal does not drive any load pins in the design.
WARNING:PhysDesignRules:367 - The signal <switch<6>_IBUF> is incomplete. The
   signal does not drive any load pins in the design.
WARNING:PhysDesignRules:367 - The signal <switch<7>_IBUF> is incomplete. The
   signal does not drive any load pins in the design.
WARNING:PhysDesignRules:812 - Dangling pin <DOA2> on
   block:<MYNEANDER/MYRAM/U0/xst_blk_mem_generator/gnativebmg.native_blk_mem_gen
   /valid.cstr/ramloop[0].ram.r/s3_init.ram/dpram.dp36x36.ram.A>:<RAMB16_RAMB16A
   >.
WARNING:PhysDesignRules:812 - Dangling pin <DOA3> on
   block:<MYNEANDER/MYRAM/U0/xst_blk_mem_generator/gnativebmg.native_blk_mem_gen
   /valid.cstr/ramloop[0].ram.r/s3_init.ram/dpram.dp36x36.ram.A>:<RAMB16_RAMB16A
   >.
WARNING:PhysDesignRules:812 - Dangling pin <DOA4> on
   block:<MYNEANDER/MYRAM/U0/xst_blk_mem_generator/gnativebmg.native_blk_mem_gen
   /valid.cstr/ramloop[0].ram.r/s3_init.ram/dpram.dp36x36.ram.A>:<RAMB16_RAMB16A
   >.
WARNING:PhysDesignRules:812 - Dangling pin <DOA5> on
   block:<MYNEANDER/MYRAM/U0/xst_blk_mem_generator/gnativebmg.native_blk_mem_gen
   /valid.cstr/ramloop[0].ram.r/s3_init.ram/dpram.dp36x36.ram.A>:<RAMB16_RAMB16A
   >.
WARNING:PhysDesignRules:812 - Dangling pin <DOA6> on
   block:<MYNEANDER/MYRAM/U0/xst_blk_mem_generator/gnativebmg.native_blk_mem_gen
   /valid.cstr/ramloop[0].ram.r/s3_init.ram/dpram.dp36x36.ram.A>:<RAMB16_RAMB16A
   >.
WARNING:PhysDesignRules:812 - Dangling pin <DOA7> on
   block:<MYNEANDER/MYRAM/U0/xst_blk_mem_generator/gnativebmg.native_blk_mem_gen
   /valid.cstr/ramloop[0].ram.r/s3_init.ram/dpram.dp36x36.ram.A>:<RAMB16_RAMB16A
   >.
WARNING:PhysDesignRules:812 - Dangling pin <DOA10> on
   block:<MYNEANDER/MYRAM/U0/xst_blk_mem_generator/gnativebmg.native_blk_mem_gen
   /valid.cstr/ramloop[0].ram.r/s3_init.ram/dpram.dp36x36.ram.A>:<RAMB16_RAMB16A
   >.
WARNING:PhysDesignRules:812 - Dangling pin <DOA11> on
   block:<MYNEANDER/MYRAM/U0/xst_blk_mem_generator/gnativebmg.native_blk_mem_gen
   /valid.cstr/ramloop[0].ram.r/s3_init.ram/dpram.dp36x36.ram.A>:<RAMB16_RAMB16A
   >.
WARNING:PhysDesignRules:812 - Dangling pin <DOA12> on
   block:<MYNEANDER/MYRAM/U0/xst_blk_mem_generator/gnativebmg.native_blk_mem_gen
   /valid.cstr/ramloop[0].ram.r/s3_init.ram/dpram.dp36x36.ram.A>:<RAMB16_RAMB16A
   >.
WARNING:PhysDesignRules:812 - Dangling pin <DOA13> on
   block:<MYNEANDER/MYRAM/U0/xst_blk_mem_generator/gnativebmg.native_blk_mem_gen
   /valid.cstr/ramloop[0].ram.r/s3_init.ram/dpram.dp36x36.ram.A>:<RAMB16_RAMB16A
   >.
WARNING:PhysDesignRules:812 - Dangling pin <DOA14> on
   block:<MYNEANDER/MYRAM/U0/xst_blk_mem_generator/gnativebmg.native_blk_mem_gen
   /valid.cstr/ramloop[0].ram.r/s3_init.ram/dpram.dp36x36.ram.A>:<RAMB16_RAMB16A
   >.
WARNING:PhysDesignRules:812 - Dangling pin <DOA15> on
   block:<MYNEANDER/MYRAM/U0/xst_blk_mem_generator/gnativebmg.native_blk_mem_gen
   /valid.cstr/ramloop[0].ram.r/s3_init.ram/dpram.dp36x36.ram.A>:<RAMB16_RAMB16A
   >.
WARNING:PhysDesignRules:812 - Dangling pin <DOA18> on
   block:<MYNEANDER/MYRAM/U0/xst_blk_mem_generator/gnativebmg.native_blk_mem_gen
   /valid.cstr/ramloop[0].ram.r/s3_init.ram/dpram.dp36x36.ram.A>:<RAMB16_RAMB16A
   >.
WARNING:PhysDesignRules:812 - Dangling pin <DOA19> on
   block:<MYNEANDER/MYRAM/U0/xst_blk_mem_generator/gnativebmg.native_blk_mem_gen
   /valid.cstr/ramloop[0].ram.r/s3_init.ram/dpram.dp36x36.ram.A>:<RAMB16_RAMB16A
   >.
WARNING:PhysDesignRules:812 - Dangling pin <DOA20> on
   block:<MYNEANDER/MYRAM/U0/xst_blk_mem_generator/gnativebmg.native_blk_mem_gen
   /valid.cstr/ramloop[0].ram.r/s3_init.ram/dpram.dp36x36.ram.A>:<RAMB16_RAMB16A
   >.
WARNING:PhysDesignRules:812 - Dangling pin <DOA21> on
   block:<MYNEANDER/MYRAM/U0/xst_blk_mem_generator/gnativebmg.native_blk_mem_gen
   /valid.cstr/ramloop[0].ram.r/s3_init.ram/dpram.dp36x36.ram.A>:<RAMB16_RAMB16A
   >.
WARNING:PhysDesignRules:812 - Dangling pin <DOA22> on
   block:<MYNEANDER/MYRAM/U0/xst_blk_mem_generator/gnativebmg.native_blk_mem_gen
   /valid.cstr/ramloop[0].ram.r/s3_init.ram/dpram.dp36x36.ram.A>:<RAMB16_RAMB16A
   >.
WARNING:PhysDesignRules:812 - Dangling pin <DOA23> on
   block:<MYNEANDER/MYRAM/U0/xst_blk_mem_generator/gnativebmg.native_blk_mem_gen
   /valid.cstr/ramloop[0].ram.r/s3_init.ram/dpram.dp36x36.ram.A>:<RAMB16_RAMB16A
   >.
WARNING:PhysDesignRules:812 - Dangling pin <DOA26> on
   block:<MYNEANDER/MYRAM/U0/xst_blk_mem_generator/gnativebmg.native_blk_mem_gen
   /valid.cstr/ramloop[0].ram.r/s3_init.ram/dpram.dp36x36.ram.A>:<RAMB16_RAMB16A
   >.
WARNING:PhysDesignRules:812 - Dangling pin <DOA27> on
   block:<MYNEANDER/MYRAM/U0/xst_blk_mem_generator/gnativebmg.native_blk_mem_gen
   /valid.cstr/ramloop[0].ram.r/s3_init.ram/dpram.dp36x36.ram.A>:<RAMB16_RAMB16A
   >.
WARNING:PhysDesignRules:812 - Dangling pin <DOA28> on
   block:<MYNEANDER/MYRAM/U0/xst_blk_mem_generator/gnativebmg.native_blk_mem_gen
   /valid.cstr/ramloop[0].ram.r/s3_init.ram/dpram.dp36x36.ram.A>:<RAMB16_RAMB16A
   >.
WARNING:PhysDesignRules:812 - Dangling pin <DOA29> on
   block:<MYNEANDER/MYRAM/U0/xst_blk_mem_generator/gnativebmg.native_blk_mem_gen
   /valid.cstr/ramloop[0].ram.r/s3_init.ram/dpram.dp36x36.ram.A>:<RAMB16_RAMB16A
   >.
WARNING:PhysDesignRules:812 - Dangling pin <DOA30> on
   block:<MYNEANDER/MYRAM/U0/xst_blk_mem_generator/gnativebmg.native_blk_mem_gen
   /valid.cstr/ramloop[0].ram.r/s3_init.ram/dpram.dp36x36.ram.A>:<RAMB16_RAMB16A
   >.
WARNING:PhysDesignRules:812 - Dangling pin <DOA31> on
   block:<MYNEANDER/MYRAM/U0/xst_blk_mem_generator/gnativebmg.native_blk_mem_gen
   /valid.cstr/ramloop[0].ram.r/s3_init.ram/dpram.dp36x36.ram.A>:<RAMB16_RAMB16A
   >.

Section 3 - Informational
-------------------------
INFO:LIT:243 - Logical network button<3>_IBUF has no load.
INFO:LIT:395 - The above info message is repeated 17 more times for the
   following (max. 5 shown):
   button<2>_IBUF,
   switch<7>_IBUF,
   switch<6>_IBUF,
   switch<5>_IBUF,
   switch<4>_IBUF
   To see the details of these info messages, please use the -detail switch.
INFO:MapLib:562 - No environment variables are currently set.
INFO:LIT:244 - All of the single ended outputs in this design are using slew
   rate limited output drivers. The delay on speed critical single ended outputs
   can be dramatically reduced by designating them as fast outputs.

Section 4 - Removed Logic Summary
---------------------------------
   3 block(s) optimized away
   8 signal(s) removed

Section 5 - Removed Logic
-------------------------

The trimmed logic report below shows the logic removed from your design due to
sourceless or loadless signals, and VCC or ground connections.  If the removal
of a signal or symbol results in the subsequent removal of an additional signal
or symbol, the message explaining that second removal will be indented.  This
indentation will be repeated as a chain of related logic is removed.

To quickly locate the original cause for the removal of a chain of logic, look
above the place where that logic is listed in the trimming report, then locate
the lines that are least indented (begin at the leftmost edge).

The signal "MYNEANDER/MYRAM/doutb<7>" is sourceless and has been removed.
The signal "MYNEANDER/MYRAM/doutb<6>" is sourceless and has been removed.
The signal "MYNEANDER/MYRAM/doutb<5>" is sourceless and has been removed.
The signal "MYNEANDER/MYRAM/doutb<4>" is sourceless and has been removed.
The signal "MYNEANDER/MYRAM/doutb<3>" is sourceless and has been removed.
The signal "MYNEANDER/MYRAM/doutb<2>" is sourceless and has been removed.
The signal "MYNEANDER/MYRAM/doutb<1>" is sourceless and has been removed.
The signal "MYNEANDER/MYRAM/doutb<0>" is sourceless and has been removed.

Optimized Block(s):
TYPE 		BLOCK
GND 		MYNEANDER/MYRAM/XST_GND
GND 		XST_GND
VCC 		XST_VCC

To enable printing of redundant blocks removed and signals merged, set the
detailed map report option and rerun map.

Section 6 - IOB Properties
--------------------------

+---------------------------------------------------------------------------------------------------------------------------------------------------------+
| IOB Name                           | Type             | Direction | IO Standard          | Diff  | Drive    | Slew | Reg (s)      | Resistor | IOB      |
|                                    |                  |           |                      | Term  | Strength | Rate |              |          | Delay    |
+---------------------------------------------------------------------------------------------------------------------------------------------------------+
| anode<0>                           | IOB              | OUTPUT    | LVCMOS25             |       | 12       | SLOW |              |          | 0 / 0    |
| anode<1>                           | IOB              | OUTPUT    | LVCMOS25             |       | 12       | SLOW |              |          | 0 / 0    |
| anode<2>                           | IOB              | OUTPUT    | LVCMOS25             |       | 12       | SLOW |              |          | 0 / 0    |
| anode<3>                           | IOB              | OUTPUT    | LVCMOS25             |       | 12       | SLOW |              |          | 0 / 0    |
| button<0>                          | IBUF             | INPUT     | LVCMOS25             |       |          |      |              |          | 0 / 0    |
| button<1>                          | IBUF             | INPUT     | LVCMOS25             |       |          |      |              |          | 0 / 0    |
| button<2>                          | IBUF             | INPUT     | LVCMOS25             |       |          |      |              |          | 0 / 0    |
| button<3>                          | IBUF             | INPUT     | LVCMOS25             |       |          |      |              |          | 0 / 0    |
| clock                              | IBUF             | INPUT     | LVCMOS25             |       |          |      |              |          | 0 / 0    |
| display<0>                         | IOB              | OUTPUT    | LVCMOS25             |       | 12       | SLOW |              |          | 0 / 0    |
| display<1>                         | IOB              | OUTPUT    | LVCMOS25             |       | 12       | SLOW |              |          | 0 / 0    |
| display<2>                         | IOB              | OUTPUT    | LVCMOS25             |       | 12       | SLOW |              |          | 0 / 0    |
| display<3>                         | IOB              | OUTPUT    | LVCMOS25             |       | 12       | SLOW |              |          | 0 / 0    |
| display<4>                         | IOB              | OUTPUT    | LVCMOS25             |       | 12       | SLOW |              |          | 0 / 0    |
| display<5>                         | IOB              | OUTPUT    | LVCMOS25             |       | 12       | SLOW |              |          | 0 / 0    |
| display<6>                         | IOB              | OUTPUT    | LVCMOS25             |       | 12       | SLOW |              |          | 0 / 0    |
| display<7>                         | IOB              | OUTPUT    | LVCMOS25             |       | 12       | SLOW |              |          | 0 / 0    |
| led<0>                             | IOB              | OUTPUT    | LVCMOS25             |       | 12       | SLOW |              |          | 0 / 0    |
| led<1>                             | IOB              | OUTPUT    | LVCMOS25             |       | 12       | SLOW |              |          | 0 / 0    |
| led<2>                             | IOB              | OUTPUT    | LVCMOS25             |       | 12       | SLOW |              |          | 0 / 0    |
| led<3>                             | IOB              | OUTPUT    | LVCMOS25             |       | 12       | SLOW |              |          | 0 / 0    |
| led<4>                             | IOB              | OUTPUT    | LVCMOS25             |       | 12       | SLOW |              |          | 0 / 0    |
| led<5>                             | IOB              | OUTPUT    | LVCMOS25             |       | 12       | SLOW |              |          | 0 / 0    |
| led<6>                             | IOB              | OUTPUT    | LVCMOS25             |       | 12       | SLOW |              |          | 0 / 0    |
| led<7>                             | IOB              | OUTPUT    | LVCMOS25             |       | 12       | SLOW |              |          | 0 / 0    |
| switch<0>                          | IBUF             | INPUT     | LVCMOS25             |       |          |      |              |          | 0 / 0    |
| switch<1>                          | IBUF             | INPUT     | LVCMOS25             |       |          |      |              |          | 0 / 0    |
| switch<2>                          | IBUF             | INPUT     | LVCMOS25             |       |          |      |              |          | 0 / 0    |
| switch<3>                          | IBUF             | INPUT     | LVCMOS25             |       |          |      |              |          | 0 / 0    |
| switch<4>                          | IBUF             | INPUT     | LVCMOS25             |       |          |      |              |          | 0 / 0    |
| switch<5>                          | IBUF             | INPUT     | LVCMOS25             |       |          |      |              |          | 0 / 0    |
| switch<6>                          | IBUF             | INPUT     | LVCMOS25             |       |          |      |              |          | 0 / 0    |
| switch<7>                          | IBUF             | INPUT     | LVCMOS25             |       |          |      |              |          | 0 / 0    |
+---------------------------------------------------------------------------------------------------------------------------------------------------------+

Section 7 - RPMs
----------------

Section 8 - Guide Report
------------------------
Guide not run on this design.

Section 9 - Area Group and Partition Summary
--------------------------------------------

Partition Implementation Status
-------------------------------

  No Partitions were found in this design.

-------------------------------

Area Group Information
----------------------

  No area groups were found in this design.

----------------------

Section 10 - Timing Report
--------------------------
This design was not run using timing mode.

Section 11 - Configuration String Details
-----------------------------------------
Use the "-detail" map option to print out Configuration Strings

Section 12 - Control Set Information
------------------------------------
No control set information for this architecture.

Section 13 - Utilization by Hierarchy
-------------------------------------
Use the "-detail" map option to print out the Utilization by Hierarchy section.
