Command line:
   PLACA_TB_isim_beh.exe
     -simmode  gui
     -simrunnum  0
     -socket  28848

Thu Jun 09 17:13:28 2016


 Elaboration Time: 0.218401 sec

 Current Memory Usage: 675.549 Meg

 Total Signals          : 287
 Total Nets             : 2696
 Total Signal Drivers   : 115
 Total Blocks           : 20
 Total Primitive Blocks : 10
 Total Processes        : 64
 Total Traceable Variables  : 227
 Total Scalar Nets and Variables : 4031
Total Line Count : 673

 Total Simulation Time: 28.6106 sec

 Current Memory Usage: 990.122 Meg

Thu Jun 09 17:14:19 2016

