Command line:
   NEANDER_TB_isim_beh.exe
     -simmode  gui
     -simrunnum  0
     -socket  28808

Thu Jun 09 16:56:38 2016


 Elaboration Time: 0.2028 sec

 Current Memory Usage: 675.541 Meg

 Total Signals          : 262
 Total Nets             : 2575
 Total Signal Drivers   : 94
 Total Blocks           : 19
 Total Primitive Blocks : 10
 Total Processes        : 54
 Total Traceable Variables  : 227
 Total Scalar Nets and Variables : 3910
Total Line Count : 550

 Total Simulation Time: 0.249601 sec

 Current Memory Usage: 990.114 Meg

Thu Jun 09 16:58:05 2016

