Command line:
   NEANDER_isim_beh.exe
     -simmode  gui
     -simrunnum  0
     -socket  28812

Thu Jun 09 16:58:25 2016


 Elaboration Time: 0.171602 sec

 Current Memory Usage: 675.541 Meg

 Total Signals          : 258
 Total Nets             : 2575
 Total Signal Drivers   : 93
 Total Blocks           : 18
 Total Primitive Blocks : 10
 Total Processes        : 52
 Total Traceable Variables  : 226
 Total Scalar Nets and Variables : 3909
Total Line Count : 543

 Total Simulation Time: 0.234002 sec

 Current Memory Usage: 675.541 Meg

Thu Jun 09 16:58:29 2016

